<?xml version="1.0" encoding="UTF-8" standalone="no"?>
<testsuite failures="2" name="cucumber.runtime.formatter.JUnitFormatter" skipped="0" tests="3" time="27.600136">
<testcase classname="Amazon Login" name="Veriy title" time="2.004864">
<failure message="org.assertj.core.api.SoftAssertionError: &#10;The following assertion failed:&#10;1) &#10;Expecting:&#10; &lt;&quot;Robot Check&quot;&gt;&#10;to be equal to:&#10; &lt;&quot;Online Shopping site in India: Shop Online for Mobiles, Books, Watches, Shoes and More - Amazon.in&quot;&gt;&#10;ignoring case considerations&#10;at LoginStepDefinitions.Verify_page_title(LoginStepDefinitions.java:41)&#10;&#10;&#9;at org.assertj.core.api.SoftAssertions.assertAll(SoftAssertions.java:158)&#10;&#9;at com.amazon.stepdefinitions.LoginStepDefinitions.Verify_page_title(LoginStepDefinitions.java:44)&#10;&#9;at ✽.Then Verify page title(LoginAmaz.feature:8)&#10;"><![CDATA[When The user is on the home page...........................................passed
Then Verify page title......................................................failed

StackTrace:
org.assertj.core.api.SoftAssertionError: 
The following assertion failed:
1) 
Expecting:
 <"Robot Check">
to be equal to:
 <"Online Shopping site in India: Shop Online for Mobiles, Books, Watches, Shoes and More - Amazon.in">
ignoring case considerations
at LoginStepDefinitions.Verify_page_title(LoginStepDefinitions.java:41)

	at org.assertj.core.api.SoftAssertions.assertAll(SoftAssertions.java:158)
	at com.amazon.stepdefinitions.LoginStepDefinitions.Verify_page_title(LoginStepDefinitions.java:44)
	at ✽.Then Verify page title(LoginAmaz.feature:8)
]]></failure>
</testcase>
<testcase classname="Amazon Login" name="Successful Login" time="6.100486">
<failure message="java.lang.IllegalArgumentException: Keys to send should be a not null CharSequence&#10;&#9;at org.openqa.selenium.remote.RemoteWebElement.sendKeys(RemoteWebElement.java:98)&#10;&#9;at sun.reflect.NativeMethodAccessorImpl.invoke0(Native Method)&#10;&#9;at sun.reflect.NativeMethodAccessorImpl.invoke(NativeMethodAccessorImpl.java:62)&#10;&#9;at sun.reflect.DelegatingMethodAccessorImpl.invoke(DelegatingMethodAccessorImpl.java:43)&#10;&#9;at java.lang.reflect.Method.invoke(Method.java:498)&#10;&#9;at org.openqa.selenium.support.pagefactory.internal.LocatingElementHandler.invoke(LocatingElementHandler.java:52)&#10;&#9;at com.sun.proxy.$Proxy22.sendKeys(Unknown Source)&#10;&#9;at com.amazon.stepdefinitions.LoginStepDefinitions.user_enter_password(LoginStepDefinitions.java:88)&#10;&#9;at ✽.And user enter password(LoginAmaz.feature:17)&#10;"><![CDATA[Given The user is on the website page.......................................passed
When user clicks on the Login button........................................passed
And user enter email........................................................passed
And clicks on continue......................................................passed
And user enter password.....................................................failed
And user click on Login.....................................................skipped
Then user should be logged into the application.............................skipped

StackTrace:
java.lang.IllegalArgumentException: Keys to send should be a not null CharSequence
	at org.openqa.selenium.remote.RemoteWebElement.sendKeys(RemoteWebElement.java:98)
	at sun.reflect.NativeMethodAccessorImpl.invoke0(Native Method)
	at sun.reflect.NativeMethodAccessorImpl.invoke(NativeMethodAccessorImpl.java:62)
	at sun.reflect.DelegatingMethodAccessorImpl.invoke(DelegatingMethodAccessorImpl.java:43)
	at java.lang.reflect.Method.invoke(Method.java:498)
	at org.openqa.selenium.support.pagefactory.internal.LocatingElementHandler.invoke(LocatingElementHandler.java:52)
	at com.sun.proxy.$Proxy22.sendKeys(Unknown Source)
	at com.amazon.stepdefinitions.LoginStepDefinitions.user_enter_password(LoginStepDefinitions.java:88)
	at ✽.And user enter password(LoginAmaz.feature:17)
]]></failure>
</testcase>
<testcase classname="Search item" name="Search an item" time="19.494786">
<system-out><![CDATA[Given user is on Home page..................................................passed
When user enter keyward.....................................................passed
And user select on third option from the list...............................passed
Then user should navigates to item detail page..............................passed
]]></system-out>
</testcase>
</testsuite>
